Flutter crash report.
Please report a bug at https://github.com/flutter/flutter/issues.

## command

flutter run

## exception

StdoutException: StdoutException: Could not get terminal size, OS Error: Insufficient quota to complete the requested service.
, errno = 1453

```
#0      Stdout._terminalSize (dart:io-patch/stdio_patch.dart:172:7)
#1      Stdout._terminalColumns (dart:io-patch/stdio_patch.dart:165:35)
#2      Stdout.terminalColumns (dart:io/stdio.dart:228:30)
#3      Stdio.terminalColumns (package:flutter_tools/src/base/io.dart:315:52)
#4      OutputPreferences.wrapColumn (package:flutter_tools/src/base/terminal.dart:57:43)
#5      StdoutLogger.printStatus (package:flutter_tools/src/base/logger.dart:516:39)
#6      printStatus (package:flutter_tools/src/globals.dart:214:10)
#7      ResidentRunner._serviceDisconnected (package:flutter_tools/src/resident_runner.dart:1444:13)
#8      _rootRun (dart:async/zone.dart:1391:47)
#9      _CustomZone.run (dart:async/zone.dart:1301:19)
#10     _FutureListener.handleWhenComplete (dart:async/future_impl.dart:199:18)
#11     Future._propagateToListeners.handleWhenCompleteCallback (dart:async/future_impl.dart:810:39)
#12     Future._propagateToListeners (dart:async/future_impl.dart:866:11)
#13     Future._completeWithValue (dart:async/future_impl.dart:641:5)
#14     Future._asyncCompleteWithValue.<anonymous closure> (dart:async/future_impl.dart:715:7)
#15     _rootRun (dart:async/zone.dart:1399:13)
#16     _CustomZone.run (dart:async/zone.dart:1301:19)
#17     _CustomZone.runGuarded (dart:async/zone.dart:1209:7)
#18     _CustomZone.bindCallbackGuarded.<anonymous closure> (dart:async/zone.dart:1249:23)
#19     _microtaskLoop (dart:async/schedule_microtask.dart:40:21)
#20     _startMicrotaskLoop (dart:async/schedule_microtask.dart:49:5)
#21     _runPendingImmediateCallback (dart:isolate-patch/isolate_patch.dart:123:13)
#22     _RawReceivePort._handleMessage (dart:isolate-patch/isolate_patch.dart:190:5)
```

## flutter doctor

```
[32m[✓][39m Flutter (Channel master, 3.11.0-19.0.pre, on Microsoft Windows [Version 10.0.19045.3448], locale en-US)
    • Flutter version 3.11.0-19.0.pre on channel master at C:\src\flutter
    [32m•[39m Upstream repository https://github.com/flutter/flutter.git
    [32m•[39m Framework revision 0b7415356e (4 months ago), 2023-06-03 07:16:37 -0400
    [32m•[39m Engine revision c838a1b059
    [32m•[39m Dart version 3.1.0 (build 3.1.0-166.0.dev)
    [32m•[39m DevTools version 2.24.0

[32m[✓][39m Windows Version (Installed version of Windows is version 10 or higher)

[32m[✓][39m Android toolchain - develop for Android devices (Android SDK version 33.0.1)
    [32m•[39m Android SDK at C:\Users\SAT\AppData\Local\Android\sdk
    [32m•[39m Platform android-33, build-tools 33.0.1
    [32m•[39m Java binary at: C:\Program Files\Android\Android Studio\jre\bin\java
    [32m•[39m Java version OpenJDK Runtime Environment (build 11.0.12+7-b1504.28-7817840)
    [32m•[39m All Android licenses accepted.

[32m[✓][39m Chrome - develop for the web
    [32m•[39m Chrome at C:\Program Files\Google\Chrome\Application\chrome.exe

[31m[✗][39m Visual Studio - develop Windows apps
    [31m✗[39m Visual Studio not installed; this is necessary to develop Windows apps.
      Download at https://visualstudio.microsoft.com/downloads/.
      Please install the "Desktop development with C++" workload, including all of its default components

[32m[✓][39m Android Studio (version 2021.2)
    [32m•[39m Android Studio at C:\Program Files\Android\Android Studio
    [32m•[39m Flutter plugin can be installed from:
      🔨 https://plugins.jetbrains.com/plugin/9212-flutter
    [32m•[39m Dart plugin can be installed from:
      🔨 https://plugins.jetbrains.com/plugin/6351-dart
    [32m•[39m Java version OpenJDK Runtime Environment (build 11.0.12+7-b1504.28-7817840)

[32m[✓][39m VS Code (version 1.82.2)
    [32m•[39m VS Code at C:\Users\SAT\AppData\Local\Programs\Microsoft VS Code
    [32m•[39m Flutter extension version 3.72.0

[32m[✓][39m Connected device (4 available)
    [32m•[39m Android SDK built for x86 (mobile) • emulator-5554 • android-x86    • Android 11 (API 30) (emulator)
    [32m•[39m Windows (desktop)                  • windows       • windows-x64    • Microsoft Windows [Version 10.0.19045.3448]
    [32m•[39m Chrome (web)                       • chrome        • web-javascript • Google Chrome 116.0.5845.188
    [32m•[39m Edge (web)                         • edge          • web-javascript • Microsoft Edge 117.0.2045.41

[33m[!][39m Network resources
    [31m✗[39m A network error occurred while checking "https://pub.dev/": Failed host lookup: 'pub.dev'
    [31m✗[39m A network error occurred while checking "https://storage.googleapis.com/": Failed host lookup: 'storage.googleapis.com'
    [31m✗[39m A network error occurred while checking "https://maven.google.com/": Failed host lookup: 'maven.google.com'
    [31m✗[39m A network error occurred while checking "https://cocoapods.org/": Failed host lookup: 'cocoapods.org'
    [31m✗[39m A network error occurred while checking "https://github.com/": An operation on a socket could not be performed because the system lacked sufficient
      buffer space or because a queue was full.


[33m![39m Doctor found issues in 2 categories.
```
