#
# There is insufficient memory for the Java Runtime Environment to continue.
# Native memory allocation (mmap) failed to map 132120576 bytes for G1 virtual space
# Possible reasons:
#   The system is out of physical RAM or swap space
#   The process is running with CompressedOops enabled, and the Java Heap may be blocking the growth of the native heap
# Possible solutions:
#   Reduce memory load on the system
#   Increase physical memory or swap space
#   Check if swap backing store is full
#   Decrease Java heap size (-Xmx/-Xms)
#   Decrease number of Java threads
#   Decrease Java thread stack sizes (-Xss)
#   Set larger code cache with -XX:ReservedCodeCacheSize=
#   JVM is running with Unscaled Compressed Oops mode in which the Java heap is
#     placed in the first 4GB address space. The Java Heap base address is the
#     maximum limit for the native heap growth. Please use -XX:HeapBaseMinAddress
#     to set the Java Heap base and to place the Java Heap above 4GB virtual address.
# This output file may be truncated or incomplete.
#
#  Out of Memory Error (./open/src/hotspot/os/windows/os_windows.cpp:3321), pid=3628, tid=17100
#
# JRE version:  (15.0.2+7) (build )
# Java VM: Java HotSpot(TM) 64-Bit Server VM (15.0.2+7-27, mixed mode, sharing, tiered, compressed oops, g1 gc, windows-amd64)
# No core dump will be written. Minidumps are not enabled by default on client versions of Windows
#

---------------  S U M M A R Y ------------

Command Line: -Dfile.encoding=utf8 c:\Users\User\.vscode\extensions\vscjava.vscode-gradle-3.13.5\lib\gradle-language-server.jar

Host: Intel(R) Core(TM) i7-1065G7 CPU @ 1.30GHz, 8 cores, 7G,  Windows 10 , 64 bit Build 19041 (10.0.19041.3636)
Time: Thu Dec 28 10:27:52 2023 Sri Lanka Standard Time elapsed time: 0.080048 seconds (0d 0h 0m 0s)

---------------  T H R E A D  ---------------

Current thread (0x0000018ccaea7a70):  JavaThread "Unknown thread" [_thread_in_vm, id=17100, stack(0x0000006c3e300000,0x0000006c3e400000)]

Stack: [0x0000006c3e300000,0x0000006c3e400000]
Native frames: (J=compiled Java code, j=interpreted, Vv=VM code, C=native code)
V  [jvm.dll+0x62ae9a]
V  [jvm.dll+0x7817a9]
V  [jvm.dll+0x782f03]
V  [jvm.dll+0x783563]
V  [jvm.dll+0x216325]
V  [jvm.dll+0x6281d9]
V  [jvm.dll+0x61cf55]
V  [jvm.dll+0x2cffdd]
V  [jvm.dll+0x2cfe42]
V  [jvm.dll+0x2d5e1c]
V  [jvm.dll+0x32590a]
V  [jvm.dll+0x324fd4]
V  [jvm.dll+0x2a6f5a]
V  [jvm.dll+0x2a80f8]
V  [jvm.dll+0x75e241]
V  [jvm.dll+0x3341c4]
V  [jvm.dll+0x73e926]
V  [jvm.dll+0x3b7557]
V  [jvm.dll+0x3b8fe1]
C  [jli.dll+0x52fb]
C  [ucrtbase.dll+0x21bb2]
C  [KERNEL32.DLL+0x17344]
C  [ntdll.dll+0x526b1]


---------------  P R O C E S S  ---------------

Threads class SMR info:
_java_thread_list=0x00007ffe3a1e4ff0, length=0, elements={
}

Java Threads: ( => current thread )

Other Threads:
  0x0000018ccaee5e80 GCTaskThread "GC Thread#0" [stack: 0x0000006c3e400000,0x0000006c3e500000] [id=19204]
  0x0000018ccaef69d0 ConcurrentGCThread "G1 Main Marker" [stack: 0x0000006c3e500000,0x0000006c3e600000] [id=5816]
  0x0000018ccaef75c0 ConcurrentGCThread "G1 Conc#0" [stack: 0x0000006c3e600000,0x0000006c3e700000] [id=22936]

[error occurred during error reporting (printing all threads), id 0xc0000005, EXCEPTION_ACCESS_VIOLATION (0xc0000005) at pc=0x00007ffe399d7e27]

VM state: not at safepoint (not fully initialized)

VM Mutex/Monitor currently owned by a thread:  ([mutex/lock_event])
[0x0000018ccaea2110] Heap_lock - owner thread: 0x0000018ccaea7a70

Heap address: 0x0000000083000000, size: 2000 MB, Compressed Oops mode: 32-bit
CDS archive(s) mapped at: [0x0000000000000000-0x0000000000000000-0x0000000000000000), size 0, SharedBaseAddress: 0x0000000800000000, ArchiveRelocationMode: 0.
Narrow klass base: 0x0000000000000000, Narrow klass shift: 0, Narrow klass range: 0x0

Heap:
 garbage-first heap   total 129024K, used 0K [0x0000000083000000, 0x0000000100000000)
  region size 1024K, 0 young (0K), 0 survivors (0K)
 Metaspace       used 0K, capacity 0K, committed 0K, reserved 0K
  class space    used 0K, capacity 0K, committed 0K, reserved 0K

Heap Regions: E=young(eden), S=young(survivor), O=old, HS=humongous(starts), HC=humongous(continues), CS=collection set, F=free, OA=open archive, CA=closed archive, TAMS=top-at-mark-start (previous, next)

Card table byte_map: [0x0000018ce2800000,0x0000018ce2bf0000] _byte_map_base: 0x0000018ce23e8000

Marking Bits (Prev, Next): (CMBitMap*) 0x0000018ccaee6670, (CMBitMap*) 0x0000018ccaee66b0
 Prev Bits: [0x0000018ce2fe0000, 0x0000018ce4f20000)
 Next Bits: [0x0000018ce4f20000, 0x0000018ce6e60000)

GC Heap History (0 events):
No events

Deoptimization events (0 events):
No events

Classes unloaded (0 events):
No events

Classes redefined (0 events):
No events

Internal exceptions (0 events):
No events

Events (1 events):
Event: 0.034 Loaded shared library C:\Program Files\Java\jdk-15.0.2\bin\java.dll


Dynamic libraries:
0x00007ff70e540000 - 0x00007ff70e54f000 	C:\Program Files\Java\jdk-15.0.2\bin\java.exe
0x00007ffeac470000 - 0x00007ffeac668000 	C:\WINDOWS\SYSTEM32\ntdll.dll
0x00007ffeab2d0000 - 0x00007ffeab38d000 	C:\WINDOWS\System32\KERNEL32.DLL
0x00007ffea9b50000 - 0x00007ffea9e46000 	C:\WINDOWS\System32\KERNELBASE.dll
0x00007ffeaa3d0000 - 0x00007ffeaa4d0000 	C:\WINDOWS\System32\ucrtbase.dll
0x00007ffe6d5a0000 - 0x00007ffe6d5b9000 	C:\Program Files\Java\jdk-15.0.2\bin\VCRUNTIME140.dll
0x00007ffe8f2f0000 - 0x00007ffe8f308000 	C:\Program Files\Java\jdk-15.0.2\bin\jli.dll
0x00007ffeaad40000 - 0x00007ffeaadef000 	C:\WINDOWS\System32\ADVAPI32.dll
0x00007ffeabc40000 - 0x00007ffeabcde000 	C:\WINDOWS\System32\msvcrt.dll
0x00007ffeab070000 - 0x00007ffeab10c000 	C:\WINDOWS\System32\sechost.dll
0x00007ffeaa990000 - 0x00007ffeaaab6000 	C:\WINDOWS\System32\RPCRT4.dll
0x00007ffeab130000 - 0x00007ffeab2ce000 	C:\WINDOWS\System32\USER32.dll
0x00007ffeaa1b0000 - 0x00007ffeaa1d2000 	C:\WINDOWS\System32\win32u.dll
0x00007ffeaad10000 - 0x00007ffeaad3c000 	C:\WINDOWS\System32\GDI32.dll
0x00007ffea9f30000 - 0x00007ffeaa04a000 	C:\WINDOWS\System32\gdi32full.dll
0x00007ffeaa2c0000 - 0x00007ffeaa35d000 	C:\WINDOWS\System32\msvcp_win.dll
0x00007ffe901b0000 - 0x00007ffe9044a000 	C:\WINDOWS\WinSxS\amd64_microsoft.windows.common-controls_6595b64144ccf1df_6.0.19041.3636_none_60b6a03d71f818d5\COMCTL32.dll
0x00007ffe9f090000 - 0x00007ffe9f09a000 	C:\WINDOWS\SYSTEM32\VERSION.dll
0x00007ffeaa610000 - 0x00007ffeaa640000 	C:\WINDOWS\System32\IMM32.DLL
0x00007ffea1fd0000 - 0x00007ffea1fdc000 	C:\Program Files\Java\jdk-15.0.2\bin\vcruntime140_1.dll
0x00007ffe540f0000 - 0x00007ffe54181000 	C:\Program Files\Java\jdk-15.0.2\bin\msvcp140.dll
0x00007ffe39720000 - 0x00007ffe3a27e000 	C:\Program Files\Java\jdk-15.0.2\bin\server\jvm.dll
0x00007ffeab110000 - 0x00007ffeab118000 	C:\WINDOWS\System32\PSAPI.DLL
0x00007ffe85270000 - 0x00007ffe85279000 	C:\WINDOWS\SYSTEM32\WSOCK32.dll
0x00007ffeaae50000 - 0x00007ffeaaebb000 	C:\WINDOWS\System32\WS2_32.dll
0x00007ffe90fa0000 - 0x00007ffe90fc7000 	C:\WINDOWS\SYSTEM32\WINMM.dll
0x00007ffea8380000 - 0x00007ffea8392000 	C:\WINDOWS\SYSTEM32\kernel.appcore.dll
0x00007ffe9e930000 - 0x00007ffe9e93a000 	C:\Program Files\Java\jdk-15.0.2\bin\jimage.dll
0x00007ffea4750000 - 0x00007ffea4934000 	C:\WINDOWS\SYSTEM32\DBGHELP.DLL
0x00007ffe89b30000 - 0x00007ffe89b64000 	C:\WINDOWS\SYSTEM32\dbgcore.DLL
0x00007ffea9ea0000 - 0x00007ffea9f22000 	C:\WINDOWS\System32\bcryptPrimitives.dll
0x00007ffe61030000 - 0x00007ffe61055000 	C:\Program Files\Java\jdk-15.0.2\bin\java.dll

dbghelp: loaded successfully - version: 4.0.5 - missing functions: none
symbol engine: initialized successfully - sym options: 0x614 - pdb path: .;C:\Program Files\Java\jdk-15.0.2\bin;C:\WINDOWS\SYSTEM32;C:\WINDOWS\WinSxS\amd64_microsoft.windows.common-controls_6595b64144ccf1df_6.0.19041.3636_none_60b6a03d71f818d5;C:\Program Files\Java\jdk-15.0.2\bin\server

VM Arguments:
jvm_args: -Dfile.encoding=utf8 
java_command: c:\Users\User\.vscode\extensions\vscjava.vscode-gradle-3.13.5\lib\gradle-language-server.jar
java_class_path (initial): c:\Users\User\.vscode\extensions\vscjava.vscode-gradle-3.13.5\lib\gradle-language-server.jar
Launcher Type: SUN_STANDARD

[Global flags]
     intx CICompilerCount                          = 4                                         {product} {ergonomic}
     uint ConcGCThreads                            = 2                                         {product} {ergonomic}
     uint G1ConcRefinementThreads                  = 8                                         {product} {ergonomic}
   size_t G1HeapRegionSize                         = 1048576                                   {product} {ergonomic}
    uintx GCDrainStackTargetSize                   = 64                                        {product} {ergonomic}
   size_t InitialHeapSize                          = 132120576                                 {product} {ergonomic}
   size_t MarkStackSize                            = 4194304                                   {product} {ergonomic}
   size_t MaxHeapSize                              = 2097152000                                {product} {ergonomic}
   size_t MinHeapDeltaBytes                        = 1048576                                   {product} {ergonomic}
   size_t MinHeapSize                              = 8388608                                   {product} {ergonomic}
    uintx NonNMethodCodeHeapSize                   = 5839372                                {pd product} {ergonomic}
    uintx NonProfiledCodeHeapSize                  = 122909434                              {pd product} {ergonomic}
    uintx ProfiledCodeHeapSize                     = 122909434                              {pd product} {ergonomic}
    uintx ReservedCodeCacheSize                    = 251658240                              {pd product} {ergonomic}
     bool SegmentedCodeCache                       = true                                      {product} {ergonomic}
   size_t SoftMaxHeapSize                          = 2097152000                             {manageable} {ergonomic}
     bool UseCompressedClassPointers               = true                                 {lp64_product} {ergonomic}
     bool UseCompressedOops                        = true                                 {lp64_product} {ergonomic}
     bool UseG1GC                                  = true                                      {product} {ergonomic}
     bool UseLargePagesIndividualAllocation        = false                                  {pd product} {ergonomic}

Logging:
Log output configuration:
 #0: stdout all=warning uptime,level,tags
 #1: stderr all=off uptime,level,tags

Environment Variables:
JAVA_HOME=C:\Program Files\Java\jdk-15.0.2
PATH=C:\Program Files\Microsoft MPI\Bin\;C:\Program Files\Microsoft\jdk-11.0.16.101-hotspot\bin;C:\Program Files\Common Files\Oracle\Java\javapath;C:\Program Files (x86)\Common Files\Oracle\Java\javapath;C:\Windows\system32;C:\Windows;C:\Windows\System32\Wbem;C:\Windows\System32\WindowsPowerShell\v1.0\;C:\Windows\System32\OpenSSH\;C:\Program Files (x86)\NVIDIA Corporation\PhysX\Common;C:\WINDOWS\system32;C:\WINDOWS;C:\WINDOWS\System32\Wbem;C:\WINDOWS\System32\WindowsPowerShell\v1.0\;C:\WINDOWS\System32\OpenSSH\;C:\Program Files\Java\jre1.8.0_321\bin;C:\Program Files\Git\cmd;C:\Program Files\MySQL\MySQL Server 8.0\bin;C:\Program Files\MongoDB\Server\6.0\bin;C:\ProgramData\chocolatey\bin;C:\Program Files\nodejs\;C:\Users\User\AppData\Local\Android\Sdk\platform-tools;C:\Program Files\Java\jdk-15.0.2\bin;C:\Program Files\Git\bin;C:\src\flutter\bin;C:\Program Files\Microsoft SQL Server\150\Tools\Binn\;C:\Program Files\Microsoft SQL Server\Client SDK\ODBC\170\Tools\Binn\;C:\Program Files\dotnet\;C:\opencv\build\x64\vc14\bin;C:\Program Files (x86)\Windows Kits\10\Windows Performance Toolkit\;C:\Users\User\AppData\Local\Yarn\bin;C:\Users\User\AppData\Roaming\npm;C:\apache-maven-3.8.4\bin;C:\Users\User\AppData\Local\Programs\Python\Python310\Scripts\;C:\Users\User\AppData\Local\Programs\Python\Python310\;C:\Program Files\MySQL\MySQL Shell 8.0\bin\;C:\Users\User\AppData\Local\Microsoft\WindowsApps;C:\Users\User\AppData\Local\Programs\Microsoft VS Code\bin;C:\Users\User\AppData\Local\GitHubDesktop\bin;C:\Users\User\AppData\Local\Android\Sdk\platform-tools;C:\Users\User\AppData\Roaming\npm;C:\src\flutter\bin;C:\Users\User\.dotnet\tools;C:\Users\User\AppData\Local\Yarn;
USERNAME=User
OS=Windows_NT
PROCESSOR_IDENTIFIER=Intel64 Family 6 Model 126 Stepping 5, GenuineIntel



---------------  S Y S T E M  ---------------

OS:
 Windows 10 , 64 bit Build 19041 (10.0.19041.3636)
OS uptime: 10 days 10:18 hours

CPU: total 8 (initial active 8) (4 cores per cpu, 2 threads per core) family 6 model 126 stepping 5 microcode 0xa0, cmov, cx8, fxsr, mmx, sse, sse2, sse3, ssse3, sse4.1, sse4.2, popcnt, vzeroupper, avx, avx2, aes, clmul, erms, 3dnowpref, lzcnt, ht, tsc, tscinvbit, bmi1, bmi2, adx, avx512f, avx512dq, avx512cd, avx512bw, avx512vl, avx512_vpopcntdq, avx512_vpclmulqdq, avx512_vbmi, avx512_vbmi2, avx512_vaes, avx512_vnni, sha, fma, clflush, clflushopt

Memory: 4k page, system-wide physical 7997M (59M free)
TotalPageFile size 32573M (AvailPageFile size 15M)
current process WorkingSet (physical memory assigned to process): 9M, peak: 9M
current process commit charge ("private bytes"): 60M, peak: 186M

vm_info: Java HotSpot(TM) 64-Bit Server VM (15.0.2+7-27) for windows-amd64 JRE (15.0.2+7-27), built on Dec  7 2020 20:07:01 by "mach5one" with unknown MS VC++:1925

END.
